<?xml version="1.0" encoding="UTF-8"?>
<testsuite name="cn.sysu.educationSys.ProcessServiceTest" time="0.001" tests="6" errors="4" skipped="0" failures="0">
  <properties>
    <property name="idea.version" value="2020.2.4"/>
    <property name="java.runtime.name" value="OpenJDK Runtime Environment"/>
    <property name="sun.boot.library.path" value="D:\IDEA\JavaInstall\jdk\jdk8\jre\bin"/>
    <property name="java.vm.version" value="25.302-b08"/>
    <property name="java.vm.vendor" value="Amazon.com Inc."/>
    <property name="maven.multiModuleProjectDirectory" value="F:\Graduation\graduationDesign\educationSys"/>
    <property name="java.vendor.url" value="https://aws.amazon.com/corretto/"/>
    <property name="path.separator" value=";"/>
    <property name="guice.disable.misplaced.annotation.check" value="true"/>
    <property name="java.vm.name" value="OpenJDK 64-Bit Server VM"/>
    <property name="file.encoding.pkg" value="sun.io"/>
    <property name="user.script" value=""/>
    <property name="user.country" value="CN"/>
    <property name="sun.java.launcher" value="SUN_STANDARD"/>
    <property name="sun.os.patch.level" value=""/>
    <property name="java.vm.specification.name" value="Java Virtual Machine Specification"/>
    <property name="user.dir" value="F:\Graduation\graduationDesign\educationSys"/>
    <property name="java.runtime.version" value="1.8.0_302-b08"/>
    <property name="java.awt.graphicsenv" value="sun.awt.Win32GraphicsEnvironment"/>
    <property name="java.endorsed.dirs" value="D:\IDEA\JavaInstall\jdk\jdk8\jre\lib\endorsed"/>
    <property name="os.arch" value="amd64"/>
    <property name="java.io.tmpdir" value="C:\Users\zry\AppData\Local\Temp\"/>
    <property name="line.separator" value="&#10;"/>
    <property name="java.vm.specification.vendor" value="Oracle Corporation"/>
    <property name="user.variant" value=""/>
    <property name="os.name" value="Windows 10"/>
    <property name="os.detected.classifier" value="windows-x86_64"/>
    <property name="maven.ext.class.path" value="D:\IDEA\IntelliJ IDEA 2020.2.2\plugins\maven\lib\maven-event-listener.jar"/>
    <property name="classworlds.conf" value="C:\Users\zry\.m2\wrapper\dists\apache-maven-3.5.2-bin\28qa8v9e2mq69covern8vmdkj0\apache-maven-3.5.2\bin\m2.conf"/>
    <property name="sun.jnu.encoding" value="GBK"/>
    <property name="java.library.path" value="D:\IDEA\JavaInstall\jdk\jdk8\bin;C:\WINDOWS\Sun\Java\bin;C:\WINDOWS\system32;C:\WINDOWS;D:\杞浠\wps濂瑁\WPS Office\11.1.0.11365\office6;C:\Program Files\NVIDIA GPU Computing Toolkit\CUDA\v9.0\bin;C:\Program Files\NVIDIA GPU Computing Toolkit\CUDA\v9.0\libnvvp;C:\WINDOWS\system32;C:\WINDOWS;C:\Program Files\MySQL\MySQL Shell 8.0\bin\;D:\python3.83\Scripts\;D:\python3.83\;C:\Users\zry\AppData\Local\Microsoft\WindowsApps;D:\Texlive2020\texlive\2020\bin\win32;D:\IDEA\JavaInstall\Git\Git\mingw64\bin;D:\IDEA\JavaInstall\Git\Git\bin;D:\IDEA\JavaInstall\Git\Git\mingw64\libexec\git-core;C:\Users\zry\.m2\wrapper\dists\apache-maven-3.6.3-bin\1iopthnavndlasol9gbrbg6bf2\apache-maven-3.6.3\bin;C:\Program Files\MySQL\MySQL Server 5.7\bin;C:\Users\zry\AppData\Roaming\npm;D:\IDEA\JavaInstall\jdk\jdk8\bin;D:\IDEA\JavaInstall\jdk\jdk8\jre\bin;C:\WINDOWS\system32;C:\WINDOWS;D:\IDEA\jmeter\apache-jmeter-5.4.1\bin;;."/>
    <property name="os.detected.arch" value="x86_64"/>
    <property name="maven.conf" value="C:\Users\zry\.m2\wrapper\dists\apache-maven-3.5.2-bin\28qa8v9e2mq69covern8vmdkj0\apache-maven-3.5.2/conf"/>
    <property name="java.specification.name" value="Java Platform API Specification"/>
    <property name="java.class.version" value="52.0"/>
    <property name="sun.management.compiler" value="HotSpot 64-Bit Tiered Compilers"/>
    <property name="os.detected.name" value="windows"/>
    <property name="os.version" value="10.0"/>
    <property name="user.home" value="C:\Users\zry"/>
    <property name="user.timezone" value="Asia/Shanghai"/>
    <property name="java.awt.printerjob" value="sun.awt.windows.WPrinterJob"/>
    <property name="java.specification.version" value="1.8"/>
    <property name="file.encoding" value="UTF-8"/>
    <property name="user.name" value="zry"/>
    <property name="java.class.path" value="C:\Users\zry\.m2\wrapper\dists\apache-maven-3.5.2-bin\28qa8v9e2mq69covern8vmdkj0\apache-maven-3.5.2\boot\plexus-classworlds-2.5.2.jar;D:\IDEA\IntelliJ IDEA 2020.2.2\lib\idea_rt.jar"/>
    <property name="java.vm.specification.version" value="1.8"/>
    <property name="sun.arch.data.model" value="64"/>
    <property name="java.home" value="D:\IDEA\JavaInstall\jdk\jdk8\jre"/>
    <property name="sun.java.command" value="org.codehaus.classworlds.Launcher -Didea.version=2020.2.4 -s C:\Users\zry\.m2\settings.xml package"/>
    <property name="java.specification.vendor" value="Oracle Corporation"/>
    <property name="user.language" value="zh"/>
    <property name="awt.toolkit" value="sun.awt.windows.WToolkit"/>
    <property name="java.vm.info" value="mixed mode"/>
    <property name="java.version" value="1.8.0_302"/>
    <property name="java.ext.dirs" value="D:\IDEA\JavaInstall\jdk\jdk8\jre\lib\ext;C:\WINDOWS\Sun\Java\lib\ext"/>
    <property name="sun.boot.class.path" value="D:\IDEA\JavaInstall\jdk\jdk8\jre\lib\resources.jar;D:\IDEA\JavaInstall\jdk\jdk8\jre\lib\rt.jar;D:\IDEA\JavaInstall\jdk\jdk8\jre\lib\sunrsasign.jar;D:\IDEA\JavaInstall\jdk\jdk8\jre\lib\jsse.jar;D:\IDEA\JavaInstall\jdk\jdk8\jre\lib\jce.jar;D:\IDEA\JavaInstall\jdk\jdk8\jre\lib\charsets.jar;D:\IDEA\JavaInstall\jdk\jdk8\jre\lib\jfr.jar;D:\IDEA\JavaInstall\jdk\jdk8\jre\classes"/>
    <property name="java.vendor" value="Amazon.com Inc."/>
    <property name="maven.home" value="C:\Users\zry\.m2\wrapper\dists\apache-maven-3.5.2-bin\28qa8v9e2mq69covern8vmdkj0\apache-maven-3.5.2"/>
    <property name="file.separator" value="\"/>
    <property name="java.vendor.url.bug" value="https://github.com/corretto/corretto-8/issues/"/>
    <property name="sun.cpu.endian" value="little"/>
    <property name="sun.io.unicode.encoding" value="UnicodeLittle"/>
    <property name="sun.desktop" value="windows"/>
    <property name="sun.cpu.isalist" value="amd64"/>
  </properties>
  <testcase name="extractCandidatesTest" classname="cn.sysu.educationSys.ProcessServiceTest" time="0">
    <error type="java.lang.NullPointerException:">java.lang.NullPointerException: null
	at cn.sysu.educationSys.ProcessServiceTest.extractCandidatesTest(ProcessServiceTest.java:33)
</error>
    <system-out><![CDATA[2022-04-02 16:18:28.194  INFO 13484 --- [           main] .b.t.c.SpringBootTestContextBootstrapper : Neither @ContextConfiguration nor @ContextHierarchy found for test class [cn.sysu.educationSys.ProcessServiceTest], using SpringBootContextLoader
2022-04-02 16:18:28.194  INFO 13484 --- [           main] o.s.t.c.support.AbstractContextLoader    : Could not detect default resource locations for test class [cn.sysu.educationSys.ProcessServiceTest]: no resource found for suffixes {-context.xml, Context.groovy}.
2022-04-02 16:18:28.194  INFO 13484 --- [           main] t.c.s.AnnotationConfigContextLoaderUtils : Could not detect default configuration classes for test class [cn.sysu.educationSys.ProcessServiceTest]: ProcessServiceTest does not declare any static, non-private, non-final, nested classes annotated with @Configuration.
2022-04-02 16:18:28.197  INFO 13484 --- [           main] .b.t.c.SpringBootTestContextBootstrapper : Found @SpringBootConfiguration cn.sysu.educationSys.EducationSys for test class cn.sysu.educationSys.ProcessServiceTest
2022-04-02 16:18:28.199  INFO 13484 --- [           main] .b.t.c.SpringBootTestContextBootstrapper : Loaded default TestExecutionListener class names from location [META-INF/spring.factories]: [org.springframework.boot.test.mock.mockito.MockitoTestExecutionListener, org.springframework.boot.test.mock.mockito.ResetMocksTestExecutionListener, org.springframework.boot.test.autoconfigure.restdocs.RestDocsTestExecutionListener, org.springframework.boot.test.autoconfigure.web.client.MockRestServiceServerResetTestExecutionListener, org.springframework.boot.test.autoconfigure.web.servlet.MockMvcPrintOnlyOnFailureTestExecutionListener, org.springframework.boot.test.autoconfigure.web.servlet.WebDriverTestExecutionListener, org.springframework.test.context.web.ServletTestExecutionListener, org.springframework.test.context.support.DirtiesContextBeforeModesTestExecutionListener, org.springframework.test.context.support.DependencyInjectionTestExecutionListener, org.springframework.test.context.support.DirtiesContextTestExecutionListener, org.springframework.test.context.transaction.TransactionalTestExecutionListener, org.springframework.test.context.jdbc.SqlScriptsTestExecutionListener]
2022-04-02 16:18:28.202  INFO 13484 --- [           main] .b.t.c.SpringBootTestContextBootstrapper : Using TestExecutionListeners: [org.springframework.test.context.web.ServletTestExecutionListener@223cbf0d, org.springframework.test.context.support.DirtiesContextBeforeModesTestExecutionListener@4a4ff5ed, org.springframework.boot.test.autoconfigure.SpringBootDependencyInjectionTestExecutionListener@5ddb302, org.springframework.test.context.support.DirtiesContextTestExecutionListener@4b7ab7ab, org.springframework.test.context.transaction.TransactionalTestExecutionListener@cf9bd1e, org.springframework.test.context.jdbc.SqlScriptsTestExecutionListener@39acd1f1, org.springframework.boot.test.mock.mockito.MockitoTestExecutionListener@51813065, org.springframework.boot.test.mock.mockito.ResetMocksTestExecutionListener@4f581211, org.springframework.boot.test.autoconfigure.restdocs.RestDocsTestExecutionListener@e0847a9, org.springframework.boot.test.autoconfigure.web.client.MockRestServiceServerResetTestExecutionListener@51743cc0, org.springframework.boot.test.autoconfigure.web.servlet.MockMvcPrintOnlyOnFailureTestExecutionListener@92e2c93, org.springframework.boot.test.autoconfigure.web.servlet.WebDriverTestExecutionListener@6697f3d]
数据库中有344个问题答案对
数据库中有203个关键词
]]></system-out>
    <system-err><![CDATA[java.lang.NullPointerException
	at cn.sysu.educationSys.service.serviceImpl.CookieSessionServiceImpl.findStudentByCookie(CookieSessionServiceImpl.java:96)
	at cn.sysu.educationSys.service.serviceImpl.CoreProcessServiceImpl.extract(CoreProcessServiceImpl.java:206)
	at cn.sysu.educationSys.service.serviceImpl.CoreProcessServiceImpl.extractCandidates(CoreProcessServiceImpl.java:163)
	at cn.sysu.educationSys.ProcessServiceTest.extractCandidatesTest(ProcessServiceTest.java:32)
	at sun.reflect.NativeMethodAccessorImpl.invoke0(Native Method)
	at sun.reflect.NativeMethodAccessorImpl.invoke(NativeMethodAccessorImpl.java:62)
	at sun.reflect.DelegatingMethodAccessorImpl.invoke(DelegatingMethodAccessorImpl.java:43)
	at java.lang.reflect.Method.invoke(Method.java:498)
	at org.junit.runners.model.FrameworkMethod$1.runReflectiveCall(FrameworkMethod.java:50)
	at org.junit.internal.runners.model.ReflectiveCallable.run(ReflectiveCallable.java:12)
	at org.junit.runners.model.FrameworkMethod.invokeExplosively(FrameworkMethod.java:47)
	at org.junit.internal.runners.statements.InvokeMethod.evaluate(InvokeMethod.java:17)
	at org.springframework.test.context.junit4.statements.RunBeforeTestMethodCallbacks.evaluate(RunBeforeTestMethodCallbacks.java:75)
	at org.springframework.test.context.junit4.statements.RunAfterTestMethodCallbacks.evaluate(RunAfterTestMethodCallbacks.java:86)
	at org.springframework.test.context.junit4.statements.SpringRepeat.evaluate(SpringRepeat.java:84)
	at org.junit.runners.ParentRunner.runLeaf(ParentRunner.java:325)
	at org.springframework.test.context.junit4.SpringJUnit4ClassRunner.runChild(SpringJUnit4ClassRunner.java:252)
	at org.springframework.test.context.junit4.SpringJUnit4ClassRunner.runChild(SpringJUnit4ClassRunner.java:94)
	at org.junit.runners.ParentRunner$3.run(ParentRunner.java:290)
	at org.junit.runners.ParentRunner$1.schedule(ParentRunner.java:71)
	at org.junit.runners.ParentRunner.runChildren(ParentRunner.java:288)
	at org.junit.runners.ParentRunner.access$000(ParentRunner.java:58)
	at org.junit.runners.ParentRunner$2.evaluate(ParentRunner.java:268)
	at org.springframework.test.context.junit4.statements.RunBeforeTestClassCallbacks.evaluate(RunBeforeTestClassCallbacks.java:61)
	at org.springframework.test.context.junit4.statements.RunAfterTestClassCallbacks.evaluate(RunAfterTestClassCallbacks.java:70)
	at org.junit.runners.ParentRunner.run(ParentRunner.java:363)
	at org.springframework.test.context.junit4.SpringJUnit4ClassRunner.run(SpringJUnit4ClassRunner.java:191)
	at org.apache.maven.surefire.junit4.JUnit4Provider.execute(JUnit4Provider.java:283)
	at org.apache.maven.surefire.junit4.JUnit4Provider.executeWithRerun(JUnit4Provider.java:173)
	at org.apache.maven.surefire.junit4.JUnit4Provider.executeTestSet(JUnit4Provider.java:153)
	at org.apache.maven.surefire.junit4.JUnit4Provider.invoke(JUnit4Provider.java:128)
	at org.apache.maven.surefire.booter.ForkedBooter.invokeProviderInSameClassLoader(ForkedBooter.java:203)
	at org.apache.maven.surefire.booter.ForkedBooter.runSuitesInProcess(ForkedBooter.java:155)
	at org.apache.maven.surefire.booter.ForkedBooter.main(ForkedBooter.java:103)
]]></system-err>
  </testcase>
  <testcase name="subQuestionTest" classname="cn.sysu.educationSys.ProcessServiceTest" time="0">
    <error type="java.lang.NullPointerException:">java.lang.NullPointerException: null
	at cn.sysu.educationSys.service.serviceImpl.RecordServiceImpl.wordsSave(RecordServiceImpl.java:51)
	at cn.sysu.educationSys.service.serviceImpl.CoreProcessServiceImpl.analysisTop5(CoreProcessServiceImpl.java:117)
	at cn.sysu.educationSys.service.serviceImpl.CoreProcessServiceImpl.subQuestion(CoreProcessServiceImpl.java:271)
	at cn.sysu.educationSys.ProcessServiceTest.subQuestionTest(ProcessServiceTest.java:49)
</error>
    <system-out><![CDATA[[INFO ] 2022-04-02 16:18:29,046 method:cn.sysu.educationSys.service.serviceImpl.CoreProcessServiceImpl.analysisTop5(CoreProcessServiceImpl.java:107)
原始问句：213123
数据库中有344个问题答案对
数据库中有203个关键词
]]></system-out>
  </testcase>
  <testcase name="test1" classname="cn.sysu.educationSys.ProcessServiceTest" time="0"/>
  <testcase name="subQueryTest" classname="cn.sysu.educationSys.ProcessServiceTest" time="0.001">
    <error type="java.lang.NullPointerException:">java.lang.NullPointerException: null
	at cn.sysu.educationSys.service.serviceImpl.RecordServiceImpl.wordsSave(RecordServiceImpl.java:51)
	at cn.sysu.educationSys.service.serviceImpl.CoreProcessServiceImpl.analysis(CoreProcessServiceImpl.java:73)
	at cn.sysu.educationSys.service.serviceImpl.CoreProcessServiceImpl.subQuery(CoreProcessServiceImpl.java:228)
	at cn.sysu.educationSys.ProcessServiceTest.subQueryTest(ProcessServiceTest.java:75)
</error>
    <system-out><![CDATA[[INFO ] 2022-04-02 16:18:29,073 method:cn.sysu.educationSys.service.serviceImpl.CoreProcessServiceImpl.analysis(CoreProcessServiceImpl.java:64)
原始问句：电导和电阻表示元件的什么特性？
数据库中有344个问题答案对
数据库中有203个关键词
]]></system-out>
    <system-err><![CDATA[java.lang.NullPointerException
	at cn.sysu.educationSys.service.serviceImpl.CookieSessionServiceImpl.findStudentByCookie(CookieSessionServiceImpl.java:96)
	at cn.sysu.educationSys.service.serviceImpl.CoreProcessServiceImpl.extract(CoreProcessServiceImpl.java:206)
	at cn.sysu.educationSys.service.serviceImpl.CoreProcessServiceImpl.extractCandidates(CoreProcessServiceImpl.java:163)
	at cn.sysu.educationSys.service.serviceImpl.CoreProcessServiceImpl.analysis(CoreProcessServiceImpl.java:68)
	at cn.sysu.educationSys.service.serviceImpl.CoreProcessServiceImpl.subQuery(CoreProcessServiceImpl.java:228)
	at cn.sysu.educationSys.ProcessServiceTest.subQueryTest(ProcessServiceTest.java:75)
	at sun.reflect.NativeMethodAccessorImpl.invoke0(Native Method)
	at sun.reflect.NativeMethodAccessorImpl.invoke(NativeMethodAccessorImpl.java:62)
	at sun.reflect.DelegatingMethodAccessorImpl.invoke(DelegatingMethodAccessorImpl.java:43)
	at java.lang.reflect.Method.invoke(Method.java:498)
	at org.junit.runners.model.FrameworkMethod$1.runReflectiveCall(FrameworkMethod.java:50)
	at org.junit.internal.runners.model.ReflectiveCallable.run(ReflectiveCallable.java:12)
	at org.junit.runners.model.FrameworkMethod.invokeExplosively(FrameworkMethod.java:47)
	at org.junit.internal.runners.statements.InvokeMethod.evaluate(InvokeMethod.java:17)
	at org.springframework.test.context.junit4.statements.RunBeforeTestMethodCallbacks.evaluate(RunBeforeTestMethodCallbacks.java:75)
	at org.springframework.test.context.junit4.statements.RunAfterTestMethodCallbacks.evaluate(RunAfterTestMethodCallbacks.java:86)
	at org.springframework.test.context.junit4.statements.SpringRepeat.evaluate(SpringRepeat.java:84)
	at org.junit.runners.ParentRunner.runLeaf(ParentRunner.java:325)
	at org.springframework.test.context.junit4.SpringJUnit4ClassRunner.runChild(SpringJUnit4ClassRunner.java:252)
	at org.springframework.test.context.junit4.SpringJUnit4ClassRunner.runChild(SpringJUnit4ClassRunner.java:94)
	at org.junit.runners.ParentRunner$3.run(ParentRunner.java:290)
	at org.junit.runners.ParentRunner$1.schedule(ParentRunner.java:71)
	at org.junit.runners.ParentRunner.runChildren(ParentRunner.java:288)
	at org.junit.runners.ParentRunner.access$000(ParentRunner.java:58)
	at org.junit.runners.ParentRunner$2.evaluate(ParentRunner.java:268)
	at org.springframework.test.context.junit4.statements.RunBeforeTestClassCallbacks.evaluate(RunBeforeTestClassCallbacks.java:61)
	at org.springframework.test.context.junit4.statements.RunAfterTestClassCallbacks.evaluate(RunAfterTestClassCallbacks.java:70)
	at org.junit.runners.ParentRunner.run(ParentRunner.java:363)
	at org.springframework.test.context.junit4.SpringJUnit4ClassRunner.run(SpringJUnit4ClassRunner.java:191)
	at org.apache.maven.surefire.junit4.JUnit4Provider.execute(JUnit4Provider.java:283)
	at org.apache.maven.surefire.junit4.JUnit4Provider.executeWithRerun(JUnit4Provider.java:173)
	at org.apache.maven.surefire.junit4.JUnit4Provider.executeTestSet(JUnit4Provider.java:153)
	at org.apache.maven.surefire.junit4.JUnit4Provider.invoke(JUnit4Provider.java:128)
	at org.apache.maven.surefire.booter.ForkedBooter.invokeProviderInSameClassLoader(ForkedBooter.java:203)
	at org.apache.maven.surefire.booter.ForkedBooter.runSuitesInProcess(ForkedBooter.java:155)
	at org.apache.maven.surefire.booter.ForkedBooter.main(ForkedBooter.java:103)
]]></system-err>
  </testcase>
  <testcase name="matchTest" classname="cn.sysu.educationSys.ProcessServiceTest" time="0"/>
  <testcase name="analysis1Test" classname="cn.sysu.educationSys.ProcessServiceTest" time="0">
    <error type="java.lang.NullPointerException:">java.lang.NullPointerException: null
	at cn.sysu.educationSys.service.serviceImpl.RecordServiceImpl.wordsSave(RecordServiceImpl.java:51)
	at cn.sysu.educationSys.service.serviceImpl.CoreProcessServiceImpl.analysisTop5(CoreProcessServiceImpl.java:117)
	at cn.sysu.educationSys.ProcessServiceTest.analysis1Test(ProcessServiceTest.java:42)
</error>
    <system-out><![CDATA[[INFO ] 2022-04-02 16:18:29,101 method:cn.sysu.educationSys.service.serviceImpl.CoreProcessServiceImpl.analysisTop5(CoreProcessServiceImpl.java:107)
原始问句：什么是戴维南定理
数据库中有344个问题答案对
数据库中有203个关键词
]]></system-out>
    <system-err><![CDATA[java.lang.NullPointerException
	at cn.sysu.educationSys.service.serviceImpl.CookieSessionServiceImpl.findStudentByCookie(CookieSessionServiceImpl.java:96)
	at cn.sysu.educationSys.service.serviceImpl.CoreProcessServiceImpl.extract(CoreProcessServiceImpl.java:206)
	at cn.sysu.educationSys.service.serviceImpl.CoreProcessServiceImpl.extractCandidates(CoreProcessServiceImpl.java:163)
	at cn.sysu.educationSys.service.serviceImpl.CoreProcessServiceImpl.analysisTop5(CoreProcessServiceImpl.java:112)
	at cn.sysu.educationSys.ProcessServiceTest.analysis1Test(ProcessServiceTest.java:42)
	at sun.reflect.NativeMethodAccessorImpl.invoke0(Native Method)
	at sun.reflect.NativeMethodAccessorImpl.invoke(NativeMethodAccessorImpl.java:62)
	at sun.reflect.DelegatingMethodAccessorImpl.invoke(DelegatingMethodAccessorImpl.java:43)
	at java.lang.reflect.Method.invoke(Method.java:498)
	at org.junit.runners.model.FrameworkMethod$1.runReflectiveCall(FrameworkMethod.java:50)
	at org.junit.internal.runners.model.ReflectiveCallable.run(ReflectiveCallable.java:12)
	at org.junit.runners.model.FrameworkMethod.invokeExplosively(FrameworkMethod.java:47)
	at org.junit.internal.runners.statements.InvokeMethod.evaluate(InvokeMethod.java:17)
	at org.springframework.test.context.junit4.statements.RunBeforeTestMethodCallbacks.evaluate(RunBeforeTestMethodCallbacks.java:75)
	at org.springframework.test.context.junit4.statements.RunAfterTestMethodCallbacks.evaluate(RunAfterTestMethodCallbacks.java:86)
	at org.springframework.test.context.junit4.statements.SpringRepeat.evaluate(SpringRepeat.java:84)
	at org.junit.runners.ParentRunner.runLeaf(ParentRunner.java:325)
	at org.springframework.test.context.junit4.SpringJUnit4ClassRunner.runChild(SpringJUnit4ClassRunner.java:252)
	at org.springframework.test.context.junit4.SpringJUnit4ClassRunner.runChild(SpringJUnit4ClassRunner.java:94)
	at org.junit.runners.ParentRunner$3.run(ParentRunner.java:290)
	at org.junit.runners.ParentRunner$1.schedule(ParentRunner.java:71)
	at org.junit.runners.ParentRunner.runChildren(ParentRunner.java:288)
	at org.junit.runners.ParentRunner.access$000(ParentRunner.java:58)
	at org.junit.runners.ParentRunner$2.evaluate(ParentRunner.java:268)
	at org.springframework.test.context.junit4.statements.RunBeforeTestClassCallbacks.evaluate(RunBeforeTestClassCallbacks.java:61)
	at org.springframework.test.context.junit4.statements.RunAfterTestClassCallbacks.evaluate(RunAfterTestClassCallbacks.java:70)
	at org.junit.runners.ParentRunner.run(ParentRunner.java:363)
	at org.springframework.test.context.junit4.SpringJUnit4ClassRunner.run(SpringJUnit4ClassRunner.java:191)
	at org.apache.maven.surefire.junit4.JUnit4Provider.execute(JUnit4Provider.java:283)
	at org.apache.maven.surefire.junit4.JUnit4Provider.executeWithRerun(JUnit4Provider.java:173)
	at org.apache.maven.surefire.junit4.JUnit4Provider.executeTestSet(JUnit4Provider.java:153)
	at org.apache.maven.surefire.junit4.JUnit4Provider.invoke(JUnit4Provider.java:128)
	at org.apache.maven.surefire.booter.ForkedBooter.invokeProviderInSameClassLoader(ForkedBooter.java:203)
	at org.apache.maven.surefire.booter.ForkedBooter.runSuitesInProcess(ForkedBooter.java:155)
	at org.apache.maven.surefire.booter.ForkedBooter.main(ForkedBooter.java:103)
]]></system-err>
  </testcase>
</testsuite>